#
# There is insufficient memory for the Java Runtime Environment to continue.
# Native memory allocation (mmap) failed to map 268435456 bytes for Failed to commit area from 0x00000006c1400000 to 0x00000006d1400000 of length 268435456.
# Possible reasons:
#   The system is out of physical RAM or swap space
#   The process is running with CompressedOops enabled, and the Java Heap may be blocking the growth of the native heap
# Possible solutions:
#   Reduce memory load on the system
#   Increase physical memory or swap space
#   Check if swap backing store is full
#   Decrease Java heap size (-Xmx/-Xms)
#   Decrease number of Java threads
#   Decrease Java thread stack sizes (-Xss)
#   Set larger code cache with -XX:ReservedCodeCacheSize=
# This output file may be truncated or incomplete.
#
#  Out of Memory Error (t:/workspace/hotspot/src/os/windows/vm/os_windows.cpp:3357), pid=6720, tid=25716
#
# JRE version:  (9.0+11) (build )
# Java VM: Java HotSpot(TM) 64-Bit Server VM (9.0.4+11, mixed mode, tiered, compressed oops, g1 gc, windows-amd64)
# No core dump will be written. Minidumps are not enabled by default on client versions of Windows
#

---------------  S U M M A R Y ------------

Command Line: -Dfile.encoding=Cp1252 com.philippe75.game.Main

Host: Intel(R) Core(TM) i7-4700HQ CPU @ 2.40GHz, 8 cores, 15G,  Windows 10 , 64 bit Build 17134 (10.0.17134.1)
Time: Sat May 26 20:33:04 2018 Romance Summer Time elapsed time: 0 seconds (0d 0h 0m 0s)

---------------  T H R E A D  ---------------

Current thread (0x000001653134d800):  JavaThread "Unknown thread" [_thread_in_vm, id=25716, stack(0x0000004b4a700000,0x0000004b4a800000)]

Stack: [0x0000004b4a700000,0x0000004b4a800000]
Native frames: (J=compiled Java code, j=interpreted, Vv=VM code, C=native code)
V  [jvm.dll+0x587068]
V  [jvm.dll+0x69c25e]
V  [jvm.dll+0x69d17a]
V  [jvm.dll+0x69d7b3]
V  [jvm.dll+0x21d198]
V  [jvm.dll+0x584bb4]
V  [jvm.dll+0x57a095]
V  [jvm.dll+0x2cd67b]
V  [jvm.dll+0x2cd5e3]
V  [jvm.dll+0x2cd4b2]
V  [jvm.dll+0x2cf4b3]
V  [jvm.dll+0x3191e3]
V  [jvm.dll+0x3198f6]
V  [jvm.dll+0x3192e3]
V  [jvm.dll+0x2adeb8]
V  [jvm.dll+0x2af0e7]
V  [jvm.dll+0x67b34d]
V  [jvm.dll+0x67c70c]
V  [jvm.dll+0x3269c9]
V  [jvm.dll+0x66555e]
V  [jvm.dll+0x391811]
V  [jvm.dll+0x3937c1]
C  [javaw.exe+0x3501]
C  [javaw.exe+0xe25f]
C  [javaw.exe+0xe406]
C  [KERNEL32.DLL+0x13034]
C  [ntdll.dll+0x71551]


---------------  P R O C E S S  ---------------

Java Threads: ( => current thread )

Other Threads:
  0x0000016531366000 GCTaskThread "GC Thread#0" [stack: 0x0000004b4a800000,0x0000004b4a900000] [id=24384]
  0x0000016531367800 GCTaskThread "GC Thread#1" [stack: 0x0000004b4a900000,0x0000004b4aa00000] [id=33616]
  0x000001653136a000 GCTaskThread "GC Thread#2" [stack: 0x0000004b4aa00000,0x0000004b4ab00000] [id=32532]
  0x0000016531375000 GCTaskThread "GC Thread#3" [stack: 0x0000004b4ab00000,0x0000004b4ac00000] [id=32060]
  0x0000016531377800 GCTaskThread "GC Thread#4" [stack: 0x0000004b4ac00000,0x0000004b4ad00000] [id=27984]
  0x000001653137b800 GCTaskThread "GC Thread#5" [stack: 0x0000004b4ad00000,0x0000004b4ae00000] [id=27708]
  0x000001653137c800 GCTaskThread "GC Thread#6" [stack: 0x0000004b4ae00000,0x0000004b4af00000] [id=23344]
  0x000001653137e000 GCTaskThread "GC Thread#7" [stack: 0x0000004b4af00000,0x0000004b4b000000] [id=31724]
  0x00000165313f6000 ConcurrentGCThread "G1 Main Marker" [stack: 0x0000004b4b900000,0x0000004b4ba00000] [id=31260]
  0x00000165313f7000 ConcurrentGCThread "G1 Marker#0" [stack: 0x0000004b4ba00000,0x0000004b4bb00000] [id=20552]
  0x00000165313f7800 ConcurrentGCThread "G1 Marker#1" [stack: 0x0000004b4bb00000,0x0000004b4bc00000] [id=22180]
  0x00000165313ab800 ConcurrentGCThread "G1 Refine#0" [stack: 0x0000004b4b700000,0x0000004b4b800000] [id=2460]
  0x0000016531399800 ConcurrentGCThread "G1 Refine#1" [stack: 0x0000004b4b600000,0x0000004b4b700000] [id=25124]
  0x0000016531390800 ConcurrentGCThread "G1 Refine#2" [stack: 0x0000004b4b500000,0x0000004b4b600000] [id=25940]
  0x000001653138f800 ConcurrentGCThread "G1 Refine#3" [stack: 0x0000004b4b400000,0x0000004b4b500000] [id=32844]
  0x000001653138c000 ConcurrentGCThread "G1 Refine#4" [stack: 0x0000004b4b300000,0x0000004b4b400000] [id=35252]
  0x0000016531383000 ConcurrentGCThread "G1 Refine#5" [stack: 0x0000004b4b200000,0x0000004b4b300000] [id=32236]
  0x0000016531380800 ConcurrentGCThread "G1 Refine#6" [stack: 0x0000004b4b100000,0x0000004b4b200000] [id=2432]
  0x000001653137f800 ConcurrentGCThread "G1 Refine#7" [stack: 0x0000004b4b000000,0x0000004b4b100000] [id=29808]
  0x00000165313b0800 ConcurrentGCThread "G1 Young RemSet Sampling" [stack: 0x0000004b4b800000,0x0000004b4b900000] [id=26056]

=>0x000001653134d800 (exited) JavaThread "Unknown thread" [_thread_in_vm, id=25716, stack(0x0000004b4a700000,0x0000004b4a800000)]

Threads with active compile tasks:

VM state:not at safepoint (not fully initialized)

VM Mutex/Monitor currently owned by a thread:  ([mutex/lock_event])
[0x000001653134ca30] Heap_lock - owner thread: 0x000001653134d800

Heap address: 0x00000006c1400000, size: 4076 MB, Compressed Oops mode: Non-zero based: 0x00000006c1400000
Narrow klass base: 0x0000000000000000, Narrow klass shift: 0

GC Heap History (0 events):
No events

Deoptimization events (0 events):
No events

Classes redefined (0 events):
No events

Internal exceptions (0 events):
No events

Events (0 events):
No events


Dynamic libraries:
0x00007ff782d40000 - 0x00007ff782d7e000 	C:\Program Files\Java\jdk-9.0.4\bin\javaw.exe
0x00007ffd82ea0000 - 0x00007ffd83081000 	C:\WINDOWS\SYSTEM32\ntdll.dll
0x00007ffd58560000 - 0x00007ffd58594000 	C:\Program Files (x86)\AVG\Antivirus\x64\aswhooka.dll
0x00007ffd82c00000 - 0x00007ffd82cb2000 	C:\WINDOWS\System32\KERNEL32.DLL
0x00007ffd7f270000 - 0x00007ffd7f4e3000 	C:\WINDOWS\System32\KERNELBASE.dll
0x00007ffd82560000 - 0x00007ffd82601000 	C:\WINDOWS\System32\ADVAPI32.dll
0x00007ffd82030000 - 0x00007ffd820ce000 	C:\WINDOWS\System32\msvcrt.dll
0x00007ffd821a0000 - 0x00007ffd821fb000 	C:\WINDOWS\System32\sechost.dll
0x00007ffd82430000 - 0x00007ffd82554000 	C:\WINDOWS\System32\RPCRT4.dll
0x00007ffd822a0000 - 0x00007ffd82430000 	C:\WINDOWS\System32\USER32.dll
0x00007ffd7f720000 - 0x00007ffd7f740000 	C:\WINDOWS\System32\win32u.dll
0x00007ffd805e0000 - 0x00007ffd80608000 	C:\WINDOWS\System32\GDI32.dll
0x00007ffd7f790000 - 0x00007ffd7f922000 	C:\WINDOWS\System32\gdi32full.dll
0x00007ffd7fb20000 - 0x00007ffd7fbbf000 	C:\WINDOWS\System32\msvcp_win.dll
0x00007ffd7f570000 - 0x00007ffd7f66a000 	C:\WINDOWS\System32\ucrtbase.dll
0x00007ffd758f0000 - 0x00007ffd75b59000 	C:\WINDOWS\WinSxS\amd64_microsoft.windows.common-controls_6595b64144ccf1df_6.0.17134.48_none_b4b2216a3cb4dd3e\COMCTL32.dll
0x00007ffd82610000 - 0x00007ffd82933000 	C:\WINDOWS\System32\combase.dll
0x00007ffd7f4f0000 - 0x00007ffd7f56a000 	C:\WINDOWS\System32\bcryptPrimitives.dll
0x00007ffd78c30000 - 0x00007ffd78c3a000 	C:\WINDOWS\SYSTEM32\VERSION.dll
0x00007ffd82b50000 - 0x00007ffd82b7d000 	C:\WINDOWS\System32\IMM32.DLL
0x00007ffd5b140000 - 0x00007ffd5b22f000 	C:\Program Files\Java\jdk-9.0.4\bin\msvcr120.dll
0x00007ffd6db20000 - 0x00007ffd6dbc6000 	C:\Program Files\Java\jdk-9.0.4\bin\msvcp120.dll
0x000000005cff0000 - 0x000000005da15000 	C:\Program Files\Java\jdk-9.0.4\bin\server\jvm.dll
0x00007ffd829a0000 - 0x00007ffd829a8000 	C:\WINDOWS\System32\PSAPI.DLL
0x00007ffd7b440000 - 0x00007ffd7b449000 	C:\WINDOWS\SYSTEM32\WSOCK32.dll
0x00007ffd82130000 - 0x00007ffd8219c000 	C:\WINDOWS\System32\WS2_32.dll
0x00007ffd7a380000 - 0x00007ffd7a3a3000 	C:\WINDOWS\SYSTEM32\WINMM.dll
0x00007ffd7a2e0000 - 0x00007ffd7a30a000 	C:\WINDOWS\SYSTEM32\WINMMBASE.dll
0x00007ffd7f740000 - 0x00007ffd7f789000 	C:\WINDOWS\System32\cfgmgr32.dll
0x00007ffd7b260000 - 0x00007ffd7b26f000 	C:\Program Files\Java\jdk-9.0.4\bin\verify.dll
0x00007ffd7a7d0000 - 0x00007ffd7a7f7000 	C:\Program Files\Java\jdk-9.0.4\bin\java.dll
0x00007ffd74db0000 - 0x00007ffd74dc6000 	C:\Program Files\Java\jdk-9.0.4\bin\zip.dll
0x00007ffd7a7c0000 - 0x00007ffd7a7ca000 	C:\Program Files\Java\jdk-9.0.4\bin\jimage.dll
0x00007ffd68010000 - 0x00007ffd681d9000 	C:\WINDOWS\SYSTEM32\dbghelp.dll

VM Arguments:
jvm_args: -Dfile.encoding=Cp1252 
java_command: com.philippe75.game.Main
java_class_path (initial): C:\Users\Windows\Desktop\JAVAPROJECT\Project3\bin
Launcher Type: SUN_STANDARD

Logging:
Log output configuration:
#0: stdout all=warning uptime,level,tags
#1: stderr all=off uptime,level,tags

Environment Variables:
JAVA_HOME=C:\Program Files\Java\jdk-9.0.4
PATH=C:/Program Files/Java/jdk-9.0.4/bin/server;C:/Program Files/Java/jdk-9.0.4/bin;C:\ProgramData\Oracle\Java\javapath;C:\Program Files\Broadcom\Broadcom 802.11 Network Adapter;C:\Program Files (x86)\Intel\iCLS Client\;C:\Program Files\Intel\iCLS Client\;C:\WINDOWS\system32;C:\WINDOWS;C:\WINDOWS\System32\Wbem;C:\WINDOWS\System32\WindowsPowerShell\v1.0\;C:\Program Files\Intel\Intel(R) Management Engine Components\DAL;C:\Program Files\Intel\Intel(R) Management Engine Components\IPT;C:\Program Files (x86)\Intel\Intel(R) Management Engine Components\DAL;C:\Program Files (x86)\Intel\Intel(R) Management Engine Components\IPT;C:\Program Files\WIDCOMM\Bluetooth Software\;C:\Program Files\WIDCOMM\Bluetooth Software\syswow64;C:\Program Files (x86)\Pinnacle\Shared Files\;C:\Program Files (x86)\Pinnacle\Shared Files\Filter\;C:\Program Files (x86)\NVIDIA Corporation\PhysX\Common;C:\Program Files (x86)\Skype\Phone\;C:\WINDOWS\system32;C:\WINDOWS;C:\WINDOWS\System32\Wbem;C:\WINDOWS\System32\WindowsPowerShell\v1.0\;C:\Program Files\Git\cmd;C:\Program Files\Java\jdk-9.0.4\bin;C:\Dev\Software\apache-maven\bin;;C:\WINDOWS\System32\OpenSSH\;C:\Users\Windows\AppData\Local\Microsoft\WindowsApps;;C:\Users\Windows\Desktop;
USERNAME=Windows
OS=Windows_NT
PROCESSOR_IDENTIFIER=Intel64 Family 6 Model 60 Stepping 3, GenuineIntel



---------------  S Y S T E M  ---------------

OS: Windows 10 , 64 bit Build 17134 (10.0.17134.1)

CPU:total 8 (initial active 8) (4 cores per cpu, 2 threads per core) family 6 model 60 stepping 3, cmov, cx8, fxsr, mmx, sse, sse2, sse3, ssse3, sse4.1, sse4.2, popcnt, avx, avx2, aes, clmul, erms, lzcnt, ht, tsc, tscinvbit, bmi1, bmi2, fma

Memory: 4k page, physical 16692716k(11526740k free), swap 16692716k(232568k free)

vm_info: Java HotSpot(TM) 64-Bit Server VM (9.0.4+11) for windows-amd64 JRE (9.0.4+11), built on Dec 20 2017 02:18:54 by "mach5one" with MS VC++ 12.0 (VS2013)

END.
