#
# There is insufficient memory for the Java Runtime Environment to continue.
# Native memory allocation (mmap) failed to map 268435456 bytes for Failed to commit area from 0x00000006c1400000 to 0x00000006d1400000 of length 268435456.
# Possible reasons:
#   The system is out of physical RAM or swap space
#   The process is running with CompressedOops enabled, and the Java Heap may be blocking the growth of the native heap
# Possible solutions:
#   Reduce memory load on the system
#   Increase physical memory or swap space
#   Check if swap backing store is full
#   Decrease Java heap size (-Xmx/-Xms)
#   Decrease number of Java threads
#   Decrease Java thread stack sizes (-Xss)
#   Set larger code cache with -XX:ReservedCodeCacheSize=
# This output file may be truncated or incomplete.
#
#  Out of Memory Error (t:/workspace/hotspot/src/os/windows/vm/os_windows.cpp:3357), pid=17928, tid=2824
#
# JRE version:  (9.0+11) (build )
# Java VM: Java HotSpot(TM) 64-Bit Server VM (9.0.4+11, mixed mode, tiered, compressed oops, g1 gc, windows-amd64)
# No core dump will be written. Minidumps are not enabled by default on client versions of Windows
#

---------------  S U M M A R Y ------------

Command Line: -Dfile.encoding=Cp1252 com.philippe75.game.Main

Host: Intel(R) Core(TM) i7-4700HQ CPU @ 2.40GHz, 8 cores, 15G,  Windows 10 , 64 bit Build 17134 (10.0.17134.1)
Time: Mon Jun 11 20:29:21 2018 Romance Summer Time elapsed time: 0 seconds (0d 0h 0m 0s)

---------------  T H R E A D  ---------------

Current thread (0x000001c291f5e000):  JavaThread "Unknown thread" [_thread_in_vm, id=2824, stack(0x000000893ec00000,0x000000893ed00000)]

Stack: [0x000000893ec00000,0x000000893ed00000]
Native frames: (J=compiled Java code, j=interpreted, Vv=VM code, C=native code)
V  [jvm.dll+0x587068]
V  [jvm.dll+0x69c25e]
V  [jvm.dll+0x69d17a]
V  [jvm.dll+0x69d7b3]
V  [jvm.dll+0x21d198]
V  [jvm.dll+0x584bb4]
V  [jvm.dll+0x57a095]
V  [jvm.dll+0x2cd67b]
V  [jvm.dll+0x2cd5e3]
V  [jvm.dll+0x2cd4b2]
V  [jvm.dll+0x2cf4b3]
V  [jvm.dll+0x3191e3]
V  [jvm.dll+0x3198f6]
V  [jvm.dll+0x3192e3]
V  [jvm.dll+0x2adeb8]
V  [jvm.dll+0x2af0e7]
V  [jvm.dll+0x67b34d]
V  [jvm.dll+0x67c70c]
V  [jvm.dll+0x3269c9]
V  [jvm.dll+0x66555e]
V  [jvm.dll+0x391811]
V  [jvm.dll+0x3937c1]
C  [javaw.exe+0x3501]
C  [javaw.exe+0xe25f]
C  [javaw.exe+0xe406]
C  [KERNEL32.DLL+0x13034]
C  [ntdll.dll+0x71551]


---------------  P R O C E S S  ---------------

Java Threads: ( => current thread )

Other Threads:
  0x000001c291f76800 GCTaskThread "GC Thread#0" [stack: 0x000000893ed00000,0x000000893ee00000] [id=17916]
  0x000001c291f78000 GCTaskThread "GC Thread#1" [stack: 0x000000893ee00000,0x000000893ef00000] [id=17672]
  0x000001c291f7b000 GCTaskThread "GC Thread#2" [stack: 0x000000893ef00000,0x000000893f000000] [id=16580]
  0x000001c291f7e000 GCTaskThread "GC Thread#3" [stack: 0x000000893f000000,0x000000893f100000] [id=12624]
  0x000001c291f81000 GCTaskThread "GC Thread#4" [stack: 0x000000893f100000,0x000000893f200000] [id=10704]
  0x000001c291f89000 GCTaskThread "GC Thread#5" [stack: 0x000000893f200000,0x000000893f300000] [id=13836]
  0x000001c291f8a800 GCTaskThread "GC Thread#6" [stack: 0x000000893f300000,0x000000893f400000] [id=17524]
  0x000001c291f8d000 GCTaskThread "GC Thread#7" [stack: 0x000000893f400000,0x000000893f500000] [id=15672]
  0x000001c292001800 ConcurrentGCThread "G1 Main Marker" [stack: 0x000000893fe00000,0x000000893ff00000] [id=18436]
  0x000001c292002800 ConcurrentGCThread "G1 Marker#0" [stack: 0x000000893ff00000,0x0000008940000000] [id=18440]
  0x000001c292003000 ConcurrentGCThread "G1 Marker#1" [stack: 0x0000008940000000,0x0000008940100000] [id=18444]
  0x000001c291fa6800 ConcurrentGCThread "G1 Refine#0" [stack: 0x000000893fc00000,0x000000893fd00000] [id=16168]
  0x000001c291fa5800 ConcurrentGCThread "G1 Refine#1" [stack: 0x000000893fb00000,0x000000893fc00000] [id=17608]
  0x000001c291fa3800 ConcurrentGCThread "G1 Refine#2" [stack: 0x000000893fa00000,0x000000893fb00000] [id=14192]
  0x000001c291fa0800 ConcurrentGCThread "G1 Refine#3" [stack: 0x000000893f900000,0x000000893fa00000] [id=16548]
  0x000001c291f9f000 ConcurrentGCThread "G1 Refine#4" [stack: 0x000000893f800000,0x000000893f900000] [id=17908]
  0x000001c291f95800 ConcurrentGCThread "G1 Refine#5" [stack: 0x000000893f700000,0x000000893f800000] [id=15340]
  0x000001c291f90800 ConcurrentGCThread "G1 Refine#6" [stack: 0x000000893f600000,0x000000893f700000] [id=17632]
  0x000001c291f8f800 ConcurrentGCThread "G1 Refine#7" [stack: 0x000000893f500000,0x000000893f600000] [id=18196]
  0x000001c291fb3800 ConcurrentGCThread "G1 Young RemSet Sampling" [stack: 0x000000893fd00000,0x000000893fe00000] [id=5416]

=>0x000001c291f5e000 (exited) JavaThread "Unknown thread" [_thread_in_vm, id=2824, stack(0x000000893ec00000,0x000000893ed00000)]

Threads with active compile tasks:

VM state:not at safepoint (not fully initialized)

VM Mutex/Monitor currently owned by a thread:  ([mutex/lock_event])
[0x000001c291f5d1d0] Heap_lock - owner thread: 0x000001c291f5e000

Heap address: 0x00000006c1400000, size: 4076 MB, Compressed Oops mode: Non-zero based: 0x00000006c1400000
Narrow klass base: 0x0000000000000000, Narrow klass shift: 0

GC Heap History (0 events):
No events

Deoptimization events (0 events):
No events

Classes redefined (0 events):
No events

Internal exceptions (0 events):
No events

Events (0 events):
No events


Dynamic libraries:
0x00007ff690240000 - 0x00007ff69027e000 	C:\Program Files\Java\jdk-9.0.4\bin\javaw.exe
0x00007fffcaf70000 - 0x00007fffcb151000 	C:\WINDOWS\SYSTEM32\ntdll.dll
0x00007fffaefd0000 - 0x00007fffaf004000 	C:\Program Files (x86)\AVG\Antivirus\x64\aswhooka.dll
0x00007fffcac80000 - 0x00007fffcad32000 	C:\WINDOWS\System32\KERNEL32.DLL
0x00007fffc7a50000 - 0x00007fffc7cc3000 	C:\WINDOWS\System32\KERNELBASE.dll
0x00007fffca880000 - 0x00007fffca921000 	C:\WINDOWS\System32\ADVAPI32.dll
0x00007fffc8c30000 - 0x00007fffc8cce000 	C:\WINDOWS\System32\msvcrt.dll
0x00007fffca7f0000 - 0x00007fffca84b000 	C:\WINDOWS\System32\sechost.dll
0x00007fffca930000 - 0x00007fffcaa54000 	C:\WINDOWS\System32\RPCRT4.dll
0x00007fffcadb0000 - 0x00007fffcaf40000 	C:\WINDOWS\System32\USER32.dll
0x00007fffc7e80000 - 0x00007fffc7ea0000 	C:\WINDOWS\System32\win32u.dll
0x00007fffca850000 - 0x00007fffca878000 	C:\WINDOWS\System32\GDI32.dll
0x00007fffc81e0000 - 0x00007fffc8372000 	C:\WINDOWS\System32\gdi32full.dll
0x00007fffc80e0000 - 0x00007fffc817f000 	C:\WINDOWS\System32\msvcp_win.dll
0x00007fffc7cd0000 - 0x00007fffc7dca000 	C:\WINDOWS\System32\ucrtbase.dll
0x00007fffbdea0000 - 0x00007fffbe109000 	C:\WINDOWS\WinSxS\amd64_microsoft.windows.common-controls_6595b64144ccf1df_6.0.17134.48_none_b4b2216a3cb4dd3e\COMCTL32.dll
0x00007fffc8cd0000 - 0x00007fffc8ff3000 	C:\WINDOWS\System32\combase.dll
0x00007fffc8380000 - 0x00007fffc83fa000 	C:\WINDOWS\System32\bcryptPrimitives.dll
0x00007fffc1740000 - 0x00007fffc174a000 	C:\WINDOWS\SYSTEM32\VERSION.dll
0x00007fffc8a20000 - 0x00007fffc8a4d000 	C:\WINDOWS\System32\IMM32.DLL
0x00007fffc2950000 - 0x00007fffc2a3f000 	C:\Program Files\Java\jdk-9.0.4\bin\msvcr120.dll
0x00007fffbd3e0000 - 0x00007fffbd486000 	C:\Program Files\Java\jdk-9.0.4\bin\msvcp120.dll
0x0000000051fc0000 - 0x00000000529e5000 	C:\Program Files\Java\jdk-9.0.4\bin\server\jvm.dll
0x00007fffc8920000 - 0x00007fffc8928000 	C:\WINDOWS\System32\PSAPI.DLL
0x00007fffc3270000 - 0x00007fffc3279000 	C:\WINDOWS\SYSTEM32\WSOCK32.dll
0x00007fffcad40000 - 0x00007fffcadac000 	C:\WINDOWS\System32\WS2_32.dll
0x00007fffc2a70000 - 0x00007fffc2a93000 	C:\WINDOWS\SYSTEM32\WINMM.dll
0x00007fffc2a40000 - 0x00007fffc2a6a000 	C:\WINDOWS\SYSTEM32\WINMMBASE.dll
0x00007fffc7ea0000 - 0x00007fffc7ee9000 	C:\WINDOWS\System32\cfgmgr32.dll
0x00007fffc2e80000 - 0x00007fffc2e8f000 	C:\Program Files\Java\jdk-9.0.4\bin\verify.dll
0x00007fffc2e50000 - 0x00007fffc2e77000 	C:\Program Files\Java\jdk-9.0.4\bin\java.dll
0x00007fffc2df0000 - 0x00007fffc2e06000 	C:\Program Files\Java\jdk-9.0.4\bin\zip.dll
0x00007fffc2de0000 - 0x00007fffc2dea000 	C:\Program Files\Java\jdk-9.0.4\bin\jimage.dll
0x00007fffb46c0000 - 0x00007fffb4889000 	C:\WINDOWS\SYSTEM32\dbghelp.dll

VM Arguments:
jvm_args: -Dfile.encoding=Cp1252 
java_command: com.philippe75.game.Main
java_class_path (initial): C:\Users\Windows\Desktop\JAVAPROJECT\Project3\bin
Launcher Type: SUN_STANDARD

Logging:
Log output configuration:
#0: stdout all=warning uptime,level,tags
#1: stderr all=off uptime,level,tags

Environment Variables:
JAVA_HOME=C:\Program Files\Java\jdk-9.0.4
PATH=C:/Program Files/Java/jdk-9.0.4/bin/server;C:/Program Files/Java/jdk-9.0.4/bin;C:\ProgramData\Oracle\Java\javapath;C:\Program Files\Broadcom\Broadcom 802.11 Network Adapter;C:\Program Files (x86)\Intel\iCLS Client\;C:\Program Files\Intel\iCLS Client\;C:\WINDOWS\system32;C:\WINDOWS;C:\WINDOWS\System32\Wbem;C:\WINDOWS\System32\WindowsPowerShell\v1.0\;C:\Program Files\Intel\Intel(R) Management Engine Components\DAL;C:\Program Files\Intel\Intel(R) Management Engine Components\IPT;C:\Program Files (x86)\Intel\Intel(R) Management Engine Components\DAL;C:\Program Files (x86)\Intel\Intel(R) Management Engine Components\IPT;C:\Program Files\WIDCOMM\Bluetooth Software\;C:\Program Files\WIDCOMM\Bluetooth Software\syswow64;C:\Program Files (x86)\Pinnacle\Shared Files\;C:\Program Files (x86)\Pinnacle\Shared Files\Filter\;C:\Program Files (x86)\NVIDIA Corporation\PhysX\Common;C:\Program Files (x86)\Skype\Phone\;C:\WINDOWS\system32;C:\WINDOWS;C:\WINDOWS\System32\Wbem;C:\WINDOWS\System32\WindowsPowerShell\v1.0\;C:\Program Files\Git\cmd;C:\Program Files\Java\jdk-9.0.4\bin;C:\Dev\Software\apache-maven\bin;;C:\WINDOWS\System32\OpenSSH\;C:\Users\Windows\AppData\Local\Microsoft\WindowsApps;;C:\Users\Windows\Desktop;
USERNAME=Windows
OS=Windows_NT
PROCESSOR_IDENTIFIER=Intel64 Family 6 Model 60 Stepping 3, GenuineIntel



---------------  S Y S T E M  ---------------

OS: Windows 10 , 64 bit Build 17134 (10.0.17134.1)

CPU:total 8 (initial active 8) (4 cores per cpu, 2 threads per core) family 6 model 60 stepping 3, cmov, cx8, fxsr, mmx, sse, sse2, sse3, ssse3, sse4.1, sse4.2, popcnt, avx, avx2, aes, clmul, erms, lzcnt, ht, tsc, tscinvbit, bmi1, bmi2, fma

Memory: 4k page, physical 16692716k(11628488k free), swap 16692716k(135036k free)

vm_info: Java HotSpot(TM) 64-Bit Server VM (9.0.4+11) for windows-amd64 JRE (9.0.4+11), built on Dec 20 2017 02:18:54 by "mach5one" with MS VC++ 12.0 (VS2013)

END.
