#
# There is insufficient memory for the Java Runtime Environment to continue.
# Native memory allocation (mmap) failed to map 65536 bytes for Failed to commit area from 0x000002203b680000 to 0x000002203b690000 of length 65536.
# Possible reasons:
#   The system is out of physical RAM or swap space
#   The process is running with CompressedOops enabled, and the Java Heap may be blocking the growth of the native heap
# Possible solutions:
#   Reduce memory load on the system
#   Increase physical memory or swap space
#   Check if swap backing store is full
#   Decrease Java heap size (-Xmx/-Xms)
#   Decrease number of Java threads
#   Decrease Java thread stack sizes (-Xss)
#   Set larger code cache with -XX:ReservedCodeCacheSize=
# This output file may be truncated or incomplete.
#
#  Out of Memory Error (t:/workspace/hotspot/src/os/windows/vm/os_windows.cpp:3357), pid=11744, tid=20492
#
# JRE version:  (9.0+11) (build )
# Java VM: Java HotSpot(TM) 64-Bit Server VM (9.0.4+11, mixed mode, tiered, compressed oops, g1 gc, windows-amd64)
# No core dump will be written. Minidumps are not enabled by default on client versions of Windows
#

---------------  S U M M A R Y ------------

Command Line: -Dfile.encoding=Cp1252 com.philippe75.game.Test

Host: Intel(R) Core(TM) i7-4700HQ CPU @ 2.40GHz, 8 cores, 15G,  Windows 10 , 64 bit Build 17134 (10.0.17134.1)
Time: Wed May 23 16:11:38 2018 Romance Summer Time elapsed time: 0 seconds (0d 0h 0m 0s)

---------------  T H R E A D  ---------------

Current thread (0x000002201eb8d800):  JavaThread "Unknown thread" [_thread_in_vm, id=20492, stack(0x000000c747300000,0x000000c747400000)]

Stack: [0x000000c747300000,0x000000c747400000]
Native frames: (J=compiled Java code, j=interpreted, Vv=VM code, C=native code)
V  [jvm.dll+0x587068]

[error occurred during error reporting (printing native stack), id 0xe0000002]


---------------  P R O C E S S  ---------------

Java Threads: ( => current thread )

Other Threads:
  0x000002201eba6000 GCTaskThread "GC Thread#0" [stack: 0x000000c747400000,0x000000c747500000] [id=20764]
  0x000002201eba7800 GCTaskThread "GC Thread#1" [stack: 0x000000c747500000,0x000000c747600000] [id=15852]
  0x000002201ebaa800 GCTaskThread "GC Thread#2" [stack: 0x000000c747600000,0x000000c747700000] [id=3040]
  0x000002201ebad800 GCTaskThread "GC Thread#3" [stack: 0x000000c747700000,0x000000c747800000] [id=19056]
  0x000002201ebb1800 GCTaskThread "GC Thread#4" [stack: 0x000000c747800000,0x000000c747900000] [id=20080]
  0x000002201ebb9800 GCTaskThread "GC Thread#5" [stack: 0x000000c747900000,0x000000c747a00000] [id=15524]
  0x000002201ebbf800 GCTaskThread "GC Thread#6" [stack: 0x000000c747a00000,0x000000c747b00000] [id=3192]
  0x000002201ebc1000 GCTaskThread "GC Thread#7" [stack: 0x000000c747b00000,0x000000c747c00000] [id=21184]
  0x000002201ec2f000 ConcurrentGCThread "G1 Main Marker" [stack: 0x000000c748500000,0x000000c748600000] [id=21352]
  0x000002201ec2f800 ConcurrentGCThread "G1 Marker#0" [stack: 0x000000c748600000,0x000000c748700000] [id=13756]
  0x000002201ec30800 ConcurrentGCThread "G1 Marker#1" [stack: 0x000000c748700000,0x000000c748800000] [id=19232]
  0x000002201ebd1000 ConcurrentGCThread "G1 Refine#0" [stack: 0x000000c748300000,0x000000c748400000] [id=19388]
  0x000002201ebd3800 ConcurrentGCThread "G1 Refine#1" [stack: 0x000000c748200000,0x000000c748300000] [id=5764]
  0x000002201ebd3000 ConcurrentGCThread "G1 Refine#2" [stack: 0x000000c748100000,0x000000c748200000] [id=20732]
  0x000002201ebd2800 ConcurrentGCThread "G1 Refine#3" [stack: 0x000000c748000000,0x000000c748100000] [id=21492]
  0x000002201ebd0800 ConcurrentGCThread "G1 Refine#4" [stack: 0x000000c747f00000,0x000000c748000000] [id=11648]
  0x000002201ebc9800 ConcurrentGCThread "G1 Refine#5" [stack: 0x000000c747e00000,0x000000c747f00000] [id=21396]
  0x000002201ebc3800 ConcurrentGCThread "G1 Refine#6" [stack: 0x000000c747d00000,0x000000c747e00000] [id=15596]
  0x000002201ebc2800 ConcurrentGCThread "G1 Refine#7" [stack: 0x000000c747c00000,0x000000c747d00000] [id=3788]
  0x000002201ebea800 ConcurrentGCThread "G1 Young RemSet Sampling" [stack: 0x000000c748400000,0x000000c748500000] [id=11456]

=>0x000002201eb8d800 (exited) JavaThread "Unknown thread" [_thread_in_vm, id=20492, stack(0x000000c747300000,0x000000c747400000)]

Threads with active compile tasks:

VM state:not at safepoint (not fully initialized)

VM Mutex/Monitor currently owned by a thread:  ([mutex/lock_event])
[0x000002201eb8b560] Heap_lock - owner thread: 0x000002201eb8d800

Heap address: 0x00000006c1400000, size: 4076 MB, Compressed Oops mode: Non-zero based: 0x00000006c1400000
Narrow klass base: 0x0000000000000000, Narrow klass shift: 0

GC Heap History (0 events):
No events

Deoptimization events (0 events):
No events

Classes redefined (0 events):
No events

Internal exceptions (0 events):
No events

Events (0 events):
No events


Dynamic libraries:
0x00007ff7e5b90000 - 0x00007ff7e5bce000 	C:\Program Files\Java\jdk-9.0.4\bin\javaw.exe
0x00007ffa35740000 - 0x00007ffa35921000 	C:\WINDOWS\SYSTEM32\ntdll.dll
0x00007ffa0af80000 - 0x00007ffa0afb4000 	C:\Program Files (x86)\AVG\Antivirus\x64\aswhooka.dll
0x00007ffa32da0000 - 0x00007ffa32e52000 	C:\WINDOWS\System32\KERNEL32.DLL
0x00007ffa323d0000 - 0x00007ffa32643000 	C:\WINDOWS\System32\KERNELBASE.dll
0x00007ffa33740000 - 0x00007ffa337e1000 	C:\WINDOWS\System32\ADVAPI32.dll
0x00007ffa33c70000 - 0x00007ffa33d0e000 	C:\WINDOWS\System32\msvcrt.dll
0x00007ffa33b20000 - 0x00007ffa33b7b000 	C:\WINDOWS\System32\sechost.dll
0x00007ffa33e90000 - 0x00007ffa33fb4000 	C:\WINDOWS\System32\RPCRT4.dll
0x00007ffa32c10000 - 0x00007ffa32da0000 	C:\WINDOWS\System32\USER32.dll
0x00007ffa31b70000 - 0x00007ffa31b90000 	C:\WINDOWS\System32\win32u.dll
0x00007ffa33090000 - 0x00007ffa330b8000 	C:\WINDOWS\System32\GDI32.dll
0x00007ffa326a0000 - 0x00007ffa32832000 	C:\WINDOWS\System32\gdi32full.dll
0x00007ffa32840000 - 0x00007ffa328df000 	C:\WINDOWS\System32\msvcp_win.dll
0x00007ffa32ad0000 - 0x00007ffa32bca000 	C:\WINDOWS\System32\ucrtbase.dll
0x00007ffa28670000 - 0x00007ffa288d9000 	C:\WINDOWS\WinSxS\amd64_microsoft.windows.common-controls_6595b64144ccf1df_6.0.17134.48_none_b4b2216a3cb4dd3e\COMCTL32.dll
0x00007ffa337f0000 - 0x00007ffa33b13000 	C:\WINDOWS\System32\combase.dll
0x00007ffa31b90000 - 0x00007ffa31c0a000 	C:\WINDOWS\System32\bcryptPrimitives.dll
0x00007ffa2bf60000 - 0x00007ffa2bf6a000 	C:\WINDOWS\SYSTEM32\VERSION.dll
0x00007ffa35610000 - 0x00007ffa3563d000 	C:\WINDOWS\System32\IMM32.DLL
0x00007ffa20500000 - 0x00007ffa205ef000 	C:\Program Files\Java\jdk-9.0.4\bin\msvcr120.dll
0x00007ffa1fdb0000 - 0x00007ffa1fe56000 	C:\Program Files\Java\jdk-9.0.4\bin\msvcp120.dll
0x00000000724b0000 - 0x0000000072ed5000 	C:\Program Files\Java\jdk-9.0.4\bin\server\jvm.dll
0x00007ffa32c00000 - 0x00007ffa32c08000 	C:\WINDOWS\System32\PSAPI.DLL
0x00007ffa2e940000 - 0x00007ffa2e949000 	C:\WINDOWS\SYSTEM32\WSOCK32.dll
0x00007ffa336d0000 - 0x00007ffa3373c000 	C:\WINDOWS\System32\WS2_32.dll
0x00007ffa2d830000 - 0x00007ffa2d853000 	C:\WINDOWS\SYSTEM32\WINMM.dll
0x00007ffa2d730000 - 0x00007ffa2d75a000 	C:\WINDOWS\SYSTEM32\WINMMBASE.dll
0x00007ffa32650000 - 0x00007ffa32699000 	C:\WINDOWS\System32\cfgmgr32.dll
0x00007ffa2e920000 - 0x00007ffa2e92f000 	C:\Program Files\Java\jdk-9.0.4\bin\verify.dll
0x00007ffa2dd50000 - 0x00007ffa2dd77000 	C:\Program Files\Java\jdk-9.0.4\bin\java.dll
0x00007ffa23ea0000 - 0x00007ffa23eb6000 	C:\Program Files\Java\jdk-9.0.4\bin\zip.dll
0x00007ffa2e910000 - 0x00007ffa2e91a000 	C:\Program Files\Java\jdk-9.0.4\bin\jimage.dll

VM Arguments:
jvm_args: -Dfile.encoding=Cp1252 
java_command: com.philippe75.game.Test
java_class_path (initial): C:\Users\Windows\Desktop\JAVAPROJECT\Project3\bin
Launcher Type: SUN_STANDARD

Logging:
Log output configuration:
#0: stdout all=warning uptime,level,tags
#1: stderr all=off uptime,level,tags

Environment Variables:
JAVA_HOME=C:\Program Files\Java\jdk-9.0.4
PATH=C:/Program Files/Java/jdk-9.0.4/bin/server;C:/Program Files/Java/jdk-9.0.4/bin;C:\ProgramData\Oracle\Java\javapath;C:\Program Files\Broadcom\Broadcom 802.11 Network Adapter;C:\Program Files (x86)\Intel\iCLS Client\;C:\Program Files\Intel\iCLS Client\;C:\WINDOWS\system32;C:\WINDOWS;C:\WINDOWS\System32\Wbem;C:\WINDOWS\System32\WindowsPowerShell\v1.0\;C:\Program Files\Intel\Intel(R) Management Engine Components\DAL;C:\Program Files\Intel\Intel(R) Management Engine Components\IPT;C:\Program Files (x86)\Intel\Intel(R) Management Engine Components\DAL;C:\Program Files (x86)\Intel\Intel(R) Management Engine Components\IPT;C:\Program Files\WIDCOMM\Bluetooth Software\;C:\Program Files\WIDCOMM\Bluetooth Software\syswow64;C:\Program Files (x86)\Pinnacle\Shared Files\;C:\Program Files (x86)\Pinnacle\Shared Files\Filter\;C:\Program Files (x86)\NVIDIA Corporation\PhysX\Common;C:\Program Files (x86)\Skype\Phone\;C:\WINDOWS\system32;C:\WINDOWS;C:\WINDOWS\System32\Wbem;C:\WINDOWS\System32\WindowsPowerShell\v1.0\;C:\Program Files\Git\cmd;C:\Program Files\Java\jdk-9.0.4\bin;C:\Dev\Software\apache-maven\bin;;C:\WINDOWS\System32\OpenSSH\;C:\Users\Windows\AppData\Local\Microsoft\WindowsApps;;C:\Users\Windows\Desktop;
USERNAME=Windows
OS=Windows_NT
PROCESSOR_IDENTIFIER=Intel64 Family 6 Model 60 Stepping 3, GenuineIntel



---------------  S Y S T E M  ---------------

OS: Windows 10 , 64 bit Build 17134 (10.0.17134.1)

CPU:total 8 (initial active 8) (4 cores per cpu, 2 threads per core) family 6 model 60 stepping 3, cmov, cx8, fxsr, mmx, sse, sse2, sse3, ssse3, sse4.1, sse4.2, popcnt, avx, avx2, aes, clmul, erms, lzcnt, ht, tsc, tscinvbit, bmi1, bmi2, fma

Memory: 4k page, physical 16692716k(12189620k free), swap 16692716k(5124k free)

vm_info: Java HotSpot(TM) 64-Bit Server VM (9.0.4+11) for windows-amd64 JRE (9.0.4+11), built on Dec 20 2017 02:18:54 by "mach5one" with MS VC++ 12.0 (VS2013)

END.
