#
# There is insufficient memory for the Java Runtime Environment to continue.
# Native memory allocation (mmap) failed to map 268435456 bytes for Failed to commit area from 0x00000006c1400000 to 0x00000006d1400000 of length 268435456.
# Possible reasons:
#   The system is out of physical RAM or swap space
#   The process is running with CompressedOops enabled, and the Java Heap may be blocking the growth of the native heap
# Possible solutions:
#   Reduce memory load on the system
#   Increase physical memory or swap space
#   Check if swap backing store is full
#   Decrease Java heap size (-Xmx/-Xms)
#   Decrease number of Java threads
#   Decrease Java thread stack sizes (-Xss)
#   Set larger code cache with -XX:ReservedCodeCacheSize=
# This output file may be truncated or incomplete.
#
#  Out of Memory Error (t:/workspace/hotspot/src/os/windows/vm/os_windows.cpp:3357), pid=27144, tid=25352
#
# JRE version:  (9.0+11) (build )
# Java VM: Java HotSpot(TM) 64-Bit Server VM (9.0.4+11, mixed mode, tiered, compressed oops, g1 gc, windows-amd64)
# No core dump will be written. Minidumps are not enabled by default on client versions of Windows
#

---------------  S U M M A R Y ------------

Command Line: -Dfile.encoding=Cp1252 com.philippe75.game.Test

Host: Intel(R) Core(TM) i7-4700HQ CPU @ 2.40GHz, 8 cores, 15G,  Windows 10 , 64 bit Build 17134 (10.0.17134.1)
Time: Fri May 25 02:27:20 2018 Romance Summer Time elapsed time: 0 seconds (0d 0h 0m 0s)

---------------  T H R E A D  ---------------

Current thread (0x00000272b29dd800):  JavaThread "Unknown thread" [_thread_in_vm, id=25352, stack(0x0000009cc4100000,0x0000009cc4200000)]

Stack: [0x0000009cc4100000,0x0000009cc4200000]
Native frames: (J=compiled Java code, j=interpreted, Vv=VM code, C=native code)
V  [jvm.dll+0x587068]
V  [jvm.dll+0x69c25e]
V  [jvm.dll+0x69d17a]
V  [jvm.dll+0x69d7b3]
V  [jvm.dll+0x21d198]
V  [jvm.dll+0x584bb4]
V  [jvm.dll+0x57a095]
V  [jvm.dll+0x2cd67b]
V  [jvm.dll+0x2cd5e3]
V  [jvm.dll+0x2cd4b2]
V  [jvm.dll+0x2cf4b3]
V  [jvm.dll+0x3191e3]
V  [jvm.dll+0x3198f6]
V  [jvm.dll+0x3192e3]
V  [jvm.dll+0x2adeb8]
V  [jvm.dll+0x2af0e7]
V  [jvm.dll+0x67b34d]
V  [jvm.dll+0x67c70c]
V  [jvm.dll+0x3269c9]
V  [jvm.dll+0x66555e]
V  [jvm.dll+0x391811]
V  [jvm.dll+0x3937c1]
C  [javaw.exe+0x3501]
C  [javaw.exe+0xe25f]
C  [javaw.exe+0xe406]
C  [KERNEL32.DLL+0x13034]
C  [ntdll.dll+0x71551]


---------------  P R O C E S S  ---------------

Java Threads: ( => current thread )

Other Threads:
  0x00000272b29f6000 GCTaskThread "GC Thread#0" [stack: 0x0000009cc4200000,0x0000009cc4300000] [id=10388]
  0x00000272b29f7800 GCTaskThread "GC Thread#1" [stack: 0x0000009cc4300000,0x0000009cc4400000] [id=36112]
  0x00000272b29fa800 GCTaskThread "GC Thread#2" [stack: 0x0000009cc4400000,0x0000009cc4500000] [id=31860]
  0x00000272b2a02000 GCTaskThread "GC Thread#3" [stack: 0x0000009cc4500000,0x0000009cc4600000] [id=37732]
  0x00000272b2a08000 GCTaskThread "GC Thread#4" [stack: 0x0000009cc4600000,0x0000009cc4700000] [id=9800]
  0x00000272b2a0f800 GCTaskThread "GC Thread#5" [stack: 0x0000009cc4700000,0x0000009cc4800000] [id=24160]
  0x00000272b2a12000 GCTaskThread "GC Thread#6" [stack: 0x0000009cc4800000,0x0000009cc4900000] [id=28700]
  0x00000272b2a13000 GCTaskThread "GC Thread#7" [stack: 0x0000009cc4900000,0x0000009cc4a00000] [id=28624]
  0x00000272b2a85800 ConcurrentGCThread "G1 Main Marker" [stack: 0x0000009cc5300000,0x0000009cc5400000] [id=7308]
  0x00000272b2a86000 ConcurrentGCThread "G1 Marker#0" [stack: 0x0000009cc5400000,0x0000009cc5500000] [id=23288]
  0x00000272b2a86800 ConcurrentGCThread "G1 Marker#1" [stack: 0x0000009cc5500000,0x0000009cc5600000] [id=10864]
  0x00000272b2a3c800 ConcurrentGCThread "G1 Refine#0" [stack: 0x0000009cc5100000,0x0000009cc5200000] [id=31504]
  0x00000272b2a2c000 ConcurrentGCThread "G1 Refine#1" [stack: 0x0000009cc5000000,0x0000009cc5100000] [id=19904]
  0x00000272b2a27000 ConcurrentGCThread "G1 Refine#2" [stack: 0x0000009cc4f00000,0x0000009cc5000000] [id=26328]
  0x00000272b2a1c800 ConcurrentGCThread "G1 Refine#3" [stack: 0x0000009cc4e00000,0x0000009cc4f00000] [id=32448]
  0x00000272b2a1a000 ConcurrentGCThread "G1 Refine#4" [stack: 0x0000009cc4d00000,0x0000009cc4e00000] [id=36084]
  0x00000272b2a15800 ConcurrentGCThread "G1 Refine#5" [stack: 0x0000009cc4c00000,0x0000009cc4d00000] [id=24380]
  0x00000272b2a14800 ConcurrentGCThread "G1 Refine#6" [stack: 0x0000009cc4b00000,0x0000009cc4c00000] [id=20028]
  0x00000272b2a14000 ConcurrentGCThread "G1 Refine#7" [stack: 0x0000009cc4a00000,0x0000009cc4b00000] [id=30272]
  0x00000272b2a41800 ConcurrentGCThread "G1 Young RemSet Sampling" [stack: 0x0000009cc5200000,0x0000009cc5300000] [id=20008]

=>0x00000272b29dd800 (exited) JavaThread "Unknown thread" [_thread_in_vm, id=25352, stack(0x0000009cc4100000,0x0000009cc4200000)]

Threads with active compile tasks:

VM state:not at safepoint (not fully initialized)

VM Mutex/Monitor currently owned by a thread:  ([mutex/lock_event])
[0x00000272b29db200] Heap_lock - owner thread: 0x00000272b29dd800

Heap address: 0x00000006c1400000, size: 4076 MB, Compressed Oops mode: Non-zero based: 0x00000006c1400000
Narrow klass base: 0x0000000000000000, Narrow klass shift: 0

GC Heap History (0 events):
No events

Deoptimization events (0 events):
No events

Classes redefined (0 events):
No events

Internal exceptions (0 events):
No events

Events (0 events):
No events


Dynamic libraries:
0x00007ff7844b0000 - 0x00007ff7844ee000 	C:\Program Files\Java\jdk-9.0.4\bin\javaw.exe
0x00007ffd82ea0000 - 0x00007ffd83081000 	C:\WINDOWS\SYSTEM32\ntdll.dll
0x00007ffd58560000 - 0x00007ffd58594000 	C:\Program Files (x86)\AVG\Antivirus\x64\aswhooka.dll
0x00007ffd82c00000 - 0x00007ffd82cb2000 	C:\WINDOWS\System32\KERNEL32.DLL
0x00007ffd7f270000 - 0x00007ffd7f4e3000 	C:\WINDOWS\System32\KERNELBASE.dll
0x00007ffd82560000 - 0x00007ffd82601000 	C:\WINDOWS\System32\ADVAPI32.dll
0x00007ffd82030000 - 0x00007ffd820ce000 	C:\WINDOWS\System32\msvcrt.dll
0x00007ffd821a0000 - 0x00007ffd821fb000 	C:\WINDOWS\System32\sechost.dll
0x00007ffd82430000 - 0x00007ffd82554000 	C:\WINDOWS\System32\RPCRT4.dll
0x00007ffd822a0000 - 0x00007ffd82430000 	C:\WINDOWS\System32\USER32.dll
0x00007ffd7f720000 - 0x00007ffd7f740000 	C:\WINDOWS\System32\win32u.dll
0x00007ffd805e0000 - 0x00007ffd80608000 	C:\WINDOWS\System32\GDI32.dll
0x00007ffd7f790000 - 0x00007ffd7f922000 	C:\WINDOWS\System32\gdi32full.dll
0x00007ffd7fb20000 - 0x00007ffd7fbbf000 	C:\WINDOWS\System32\msvcp_win.dll
0x00007ffd7f570000 - 0x00007ffd7f66a000 	C:\WINDOWS\System32\ucrtbase.dll
0x00007ffd758f0000 - 0x00007ffd75b59000 	C:\WINDOWS\WinSxS\amd64_microsoft.windows.common-controls_6595b64144ccf1df_6.0.17134.48_none_b4b2216a3cb4dd3e\COMCTL32.dll
0x00007ffd82610000 - 0x00007ffd82933000 	C:\WINDOWS\System32\combase.dll
0x00007ffd7f4f0000 - 0x00007ffd7f56a000 	C:\WINDOWS\System32\bcryptPrimitives.dll
0x00007ffd78c30000 - 0x00007ffd78c3a000 	C:\WINDOWS\SYSTEM32\VERSION.dll
0x00007ffd82b50000 - 0x00007ffd82b7d000 	C:\WINDOWS\System32\IMM32.DLL
0x00007ffd710b0000 - 0x00007ffd7119f000 	C:\Program Files\Java\jdk-9.0.4\bin\msvcr120.dll
0x00007ffd63a90000 - 0x00007ffd63b36000 	C:\Program Files\Java\jdk-9.0.4\bin\msvcp120.dll
0x000000005cff0000 - 0x000000005da15000 	C:\Program Files\Java\jdk-9.0.4\bin\server\jvm.dll
0x00007ffd829a0000 - 0x00007ffd829a8000 	C:\WINDOWS\System32\PSAPI.DLL
0x00007ffd7d2b0000 - 0x00007ffd7d2b9000 	C:\WINDOWS\SYSTEM32\WSOCK32.dll
0x00007ffd82130000 - 0x00007ffd8219c000 	C:\WINDOWS\System32\WS2_32.dll
0x00007ffd7a380000 - 0x00007ffd7a3a3000 	C:\WINDOWS\SYSTEM32\WINMM.dll
0x00007ffd7a2e0000 - 0x00007ffd7a30a000 	C:\WINDOWS\SYSTEM32\WINMMBASE.dll
0x00007ffd7f740000 - 0x00007ffd7f789000 	C:\WINDOWS\System32\cfgmgr32.dll
0x00007ffd7b9d0000 - 0x00007ffd7b9df000 	C:\Program Files\Java\jdk-9.0.4\bin\verify.dll
0x00007ffd7b460000 - 0x00007ffd7b487000 	C:\Program Files\Java\jdk-9.0.4\bin\java.dll
0x00007ffd7b790000 - 0x00007ffd7b7a6000 	C:\Program Files\Java\jdk-9.0.4\bin\zip.dll
0x00007ffd7b9c0000 - 0x00007ffd7b9ca000 	C:\Program Files\Java\jdk-9.0.4\bin\jimage.dll
0x00007ffd68010000 - 0x00007ffd681d9000 	C:\WINDOWS\SYSTEM32\dbghelp.dll

VM Arguments:
jvm_args: -Dfile.encoding=Cp1252 
java_command: com.philippe75.game.Test
java_class_path (initial): C:\Users\Windows\Desktop\JAVAPROJECT\Project3\bin
Launcher Type: SUN_STANDARD

Logging:
Log output configuration:
#0: stdout all=warning uptime,level,tags
#1: stderr all=off uptime,level,tags

Environment Variables:
JAVA_HOME=C:\Program Files\Java\jdk-9.0.4
PATH=C:/Program Files/Java/jdk-9.0.4/bin/server;C:/Program Files/Java/jdk-9.0.4/bin;C:\ProgramData\Oracle\Java\javapath;C:\Program Files\Broadcom\Broadcom 802.11 Network Adapter;C:\Program Files (x86)\Intel\iCLS Client\;C:\Program Files\Intel\iCLS Client\;C:\WINDOWS\system32;C:\WINDOWS;C:\WINDOWS\System32\Wbem;C:\WINDOWS\System32\WindowsPowerShell\v1.0\;C:\Program Files\Intel\Intel(R) Management Engine Components\DAL;C:\Program Files\Intel\Intel(R) Management Engine Components\IPT;C:\Program Files (x86)\Intel\Intel(R) Management Engine Components\DAL;C:\Program Files (x86)\Intel\Intel(R) Management Engine Components\IPT;C:\Program Files\WIDCOMM\Bluetooth Software\;C:\Program Files\WIDCOMM\Bluetooth Software\syswow64;C:\Program Files (x86)\Pinnacle\Shared Files\;C:\Program Files (x86)\Pinnacle\Shared Files\Filter\;C:\Program Files (x86)\NVIDIA Corporation\PhysX\Common;C:\Program Files (x86)\Skype\Phone\;C:\WINDOWS\system32;C:\WINDOWS;C:\WINDOWS\System32\Wbem;C:\WINDOWS\System32\WindowsPowerShell\v1.0\;C:\Program Files\Git\cmd;C:\Program Files\Java\jdk-9.0.4\bin;C:\Dev\Software\apache-maven\bin;;C:\WINDOWS\System32\OpenSSH\;C:\Users\Windows\AppData\Local\Microsoft\WindowsApps;;C:\Users\Windows\Desktop;
USERNAME=Windows
OS=Windows_NT
PROCESSOR_IDENTIFIER=Intel64 Family 6 Model 60 Stepping 3, GenuineIntel



---------------  S Y S T E M  ---------------

OS: Windows 10 , 64 bit Build 17134 (10.0.17134.1)

CPU:total 8 (initial active 8) (4 cores per cpu, 2 threads per core) family 6 model 60 stepping 3, cmov, cx8, fxsr, mmx, sse, sse2, sse3, ssse3, sse4.1, sse4.2, popcnt, avx, avx2, aes, clmul, erms, lzcnt, ht, tsc, tscinvbit, bmi1, bmi2, fma

Memory: 4k page, physical 16692716k(11675588k free), swap 16692716k(49796k free)

vm_info: Java HotSpot(TM) 64-Bit Server VM (9.0.4+11) for windows-amd64 JRE (9.0.4+11), built on Dec 20 2017 02:18:54 by "mach5one" with MS VC++ 12.0 (VS2013)

END.
